app/platforms/android/manifest-merger-release-report.txt
-- Merging decision tree log ---
manifest
ADDED from AndroidManifest.xml:2:1
	android:hardwareAccelerated
		ADDED from AndroidManifest.xml:2:11
	xmlns:android
		ADDED from AndroidManifest.xml:2:131
	package
		ADDED from AndroidManifest.xml:2:98
	android:versionName
		ADDED from AndroidManifest.xml:2:70
	android:versionCode
		ADDED from AndroidManifest.xml:2:46
		INJECTED from AndroidManifest.xml:0:0
		INJECTED from AndroidManifest.xml:0:0
supports-screens
ADDED from AndroidManifest.xml:3:5
	android:resizeable
		ADDED from AndroidManifest.xml:3:106
	android:largeScreens
		ADDED from AndroidManifest.xml:3:49
	android:anyDensity
		ADDED from AndroidManifest.xml:3:23
	android:normalScreens
		ADDED from AndroidManifest.xml:3:77
	android:xlargeScreens
		ADDED from AndroidManifest.xml:3:160
	android:smallScreens
		ADDED from AndroidManifest.xml:3:132
uses-permission#android.permission.INTERNET
ADDED from AndroidManifest.xml:4:5
MERGED from com.crashlytics.sdk.android:crashlytics:2.5.2:9:5
MERGED from com.crashlytics.sdk.android:answers:1.3.2:9:5
MERGED from io.fabric.sdk.android:fabric:1.3.6:25:5
MERGED from io.fabric.sdk.android:fabric:1.3.6:25:5
MERGED from com.crashlytics.sdk.android:crashlytics-core:2.3.5:9:5
MERGED from com.crashlytics.sdk.android:answers:1.3.2:9:5
MERGED from io.fabric.sdk.android:fabric:1.3.6:25:5
MERGED from io.fabric.sdk.android:fabric:1.3.6:25:5
	android:name
		ADDED from AndroidManifest.xml:4:22
uses-permission#android.permission.ACCESS_NETWORK_STATE
ADDED from AndroidManifest.xml:5:5
	android:name
		ADDED from AndroidManifest.xml:5:22
uses-permission#android.permission.ACCESS_WIFI_STATE
ADDED from AndroidManifest.xml:6:5
	android:name
		ADDED from AndroidManifest.xml:6:22
application
ADDED from AndroidManifest.xml:7:5
MERGED from com.crashlytics.sdk.android:crashlytics:2.5.2:11:5
MERGED from com.crashlytics.sdk.android:answers:1.3.2:11:5
MERGED from io.fabric.sdk.android:fabric:1.3.6:27:5
MERGED from io.fabric.sdk.android:fabric:1.3.6:27:5
MERGED from com.crashlytics.sdk.android:crashlytics-core:2.3.5:11:5
MERGED from com.crashlytics.sdk.android:answers:1.3.2:11:5
MERGED from io.fabric.sdk.android:fabric:1.3.6:27:5
MERGED from io.fabric.sdk.android:fabric:1.3.6:27:5
MERGED from com.crashlytics.sdk.android:beta:1.1.3:9:5
	android:supportsRtl
		ADDED from AndroidManifest.xml:7:116
	android:label
		ADDED from AndroidManifest.xml:7:83
	android:icon
		ADDED from AndroidManifest.xml:7:53
	android:hardwareAccelerated
		ADDED from AndroidManifest.xml:7:18
activity#com.ic5team.iastracker.MainActivity
ADDED from AndroidManifest.xml:8:9
	android:windowSoftInputMode
		ADDED from AndroidManifest.xml:8:285
	android:screenOrientation
		ADDED from AndroidManifest.xml:8:194
	android:label
		ADDED from AndroidManifest.xml:8:97
	android:configChanges
		ADDED from AndroidManifest.xml:8:19
	android:theme
		ADDED from AndroidManifest.xml:8:231
	android:name
		ADDED from AndroidManifest.xml:8:166
	android:launchMode
		ADDED from AndroidManifest.xml:8:135
intent-filter#android.intent.action.MAIN+android.intent.category.LAUNCHER
ADDED from AndroidManifest.xml:9:13
	android:label
		ADDED from AndroidManifest.xml:9:28
action#android.intent.action.MAIN
ADDED from AndroidManifest.xml:10:17
	android:name
		ADDED from AndroidManifest.xml:10:25
category#android.intent.category.LAUNCHER
ADDED from AndroidManifest.xml:11:17
	android:name
		ADDED from AndroidManifest.xml:11:27
meta-data#io.fabric.ApiKey
ADDED from AndroidManifest.xml:14:9
	android:name
		ADDED from AndroidManifest.xml:15:13
	android:value
		ADDED from AndroidManifest.xml:16:13
uses-sdk
ADDED from AndroidManifest.xml:18:5
MERGED from com.crashlytics.sdk.android:crashlytics:2.5.2:7:5
MERGED from com.crashlytics.sdk.android:answers:1.3.2:7:5
MERGED from io.fabric.sdk.android:fabric:1.3.6:23:5
MERGED from io.fabric.sdk.android:fabric:1.3.6:23:5
MERGED from com.crashlytics.sdk.android:crashlytics-core:2.3.5:7:5
MERGED from com.crashlytics.sdk.android:answers:1.3.2:7:5
MERGED from io.fabric.sdk.android:fabric:1.3.6:23:5
MERGED from io.fabric.sdk.android:fabric:1.3.6:23:5
MERGED from com.crashlytics.sdk.android:beta:1.1.3:7:5
MERGED from android:CordovaLib:unspecified:release:25:5
	android:targetSdkVersion
		ADDED from AndroidManifest.xml:18:42
	android:minSdkVersion
		ADDED from AndroidManifest.xml:18:15
uses-permission#android.permission.WRITE_EXTERNAL_STORAGE
ADDED from AndroidManifest.xml:19:5
	android:name
		ADDED from AndroidManifest.xml:19:22
uses-permission#android.permission.ACCESS_COARSE_LOCATION
ADDED from AndroidManifest.xml:20:5
	android:name
		ADDED from AndroidManifest.xml:20:22
uses-permission#android.permission.ACCESS_FINE_LOCATION
ADDED from AndroidManifest.xml:21:5
	android:name
		ADDED from AndroidManifest.xml:21:22